
ROM used:   540/8192 (7%)
            540/8192 (7%) including unused fragments

            0.5 Average locations per line
            4.1 Average locations per statement

RAM used:   14/368 (4%) at main() level
            23/368 (6%) worst case

Stack used: 5 worst case (5 in main + 0 for interrupts)
Stack size: 8

Lines Stmts  %   Files
----- ----- ---  -----
   95    48  36  rs232 step kod.c
  642     0   0  ..\..\..\..\..\Program Files (x86)\PICC\Devices\16f877.h
  456    84  64  ..\..\..\..\..\Program Files (x86)\PICC\Drivers\lcd.c
----- -----
 1193   132 Total

Page ROM  %  RAM    Vol Diff  Functions:
---- --- --- ---    --- ----  ----------
0     21   4    1             @delay_ms1
 Inline         3    596  5.9  lcd_read_byte
0      6   1    0     59  4.2  lcd_read_nibble
0     12   2    1    179  3.3  lcd_send_nibble
0     64  12    3    460  4.7  lcd_send_byte
0     62  11    6    814  7.2  lcd_init
0     18   3    4    208  6.3  lcd_gotoxy
0     44   8    1    354  4.7  lcd_putc
0     12   2    0             @const634
0    158  29    4   1420  7.7  MAIN
0      8   1    0             @const639
0     86  16    4             @PSTRINGC7_615
0      9   2    0             @const644
0     13   2    0             @const646
0     13   2    0             @const647
0     10   2    0             @const648
 Inline         0             @cinit1

Program metrics:
    Functions               8
    Statements              132
    Comments                229
    Volume (V)              5991
    Difficulty (D)          41.5
    Effort to implement (E) 248904
    Time to implement (T)   3 hours, 50 minutes
    Est Delivered Bugs (B)  1
    Cyclomatic Complexity   16
    Maintainability (MI)    136

 Segment     Used  Free
-----------  ----  ----
00000-00003     4  0  
00004-007FF   536  1508  
00800-00FFF     0  2048  
01000-017FF     0  2048  
01800-01FFF     0  2048  



